Build started 3/13/16 5:52:00 AM.
     1>Project "\\Mac\Home\Desktop\CSE-687\Project2 - Mac\Parser\Parser.vcxproj" on node 3 (Rebuild target(s)).
     1>ClCompile:
         C:\Program Files (x86)\Microsoft Visual Studio 14.0\VC\bin\CL.exe /c /ZI /nologo /W3 /WX- /sdl /Od /Oy- /D _MBCS /Gm /EHsc /RTC1 /MDd /GS /fp:precise /Zc:wchar_t /Zc:forScope /Zc:inline /Fo"Debug\\" /Fd"Debug\vc140.pdb" /Gd /TP /analyze- /errorReport:prompt ConfigureParser.cpp Parser.cpp
         Parser.cpp
     1>z:\desktop\cse-687\project2 - mac\rulesandactions\rulesandactions.h(803): warning C4018: '<': signed/unsigned mismatch
         ConfigureParser.cpp
     1>z:\desktop\cse-687\project2 - mac\rulesandactions\rulesandactions.h(803): warning C4018: '<': signed/unsigned mismatch
         Generating Code...
       Link:
         C:\Program Files (x86)\Microsoft Visual Studio 14.0\VC\bin\link.exe /ERRORREPORT:PROMPT /OUT:"\\Mac\Home\Desktop\CSE-687\Project2 - Mac\Debug\Parser.exe" /INCREMENTAL /NOLOGO kernel32.lib user32.lib gdi32.lib winspool.lib comdlg32.lib advapi32.lib shell32.lib ole32.lib oleaut32.lib uuid.lib odbc32.lib odbccp32.lib /MANIFEST /MANIFESTUAC:"level='asInvoker' uiAccess='false'" /manifest:embed /Debug /PDB:"\\Mac\Home\Desktop\CSE-687\Project2 - Mac\Debug\Parser.pdb" /TLBID:1 /DYNAMICBASE /NXCOMPAT /IMPLIB:"\\Mac\Home\Desktop\CSE-687\Project2 - Mac\Debug\Parser.lib" /MACHINE:X86 Debug\ConfigureParser.obj
         Debug\Parser.obj
         "\\Mac\Home\Desktop\CSE-687\Project2 - Mac\Debug\Utilities.lib"
         "\\Mac\Home\Desktop\CSE-687\Project2 - Mac\Debug\Tokenizer.lib"
         "\\Mac\Home\Desktop\CSE-687\Project2 - Mac\Debug\SemiExp.lib"
     1>LINK : fatal error LNK1561: entry point must be defined
     1>Done Building Project "\\Mac\Home\Desktop\CSE-687\Project2 - Mac\Parser\Parser.vcxproj" (Rebuild target(s)) -- FAILED.

Build FAILED.

Time Elapsed 00:00:01.96
